0 silly argv {
0 silly argv   _: [ 'run' ],
0 silly argv   concurrency: 1,
0 silly argv   stream: true,
0 silly argv   since: 'HEAD',
0 silly argv   lernaVersion: '3.22.1',
0 silly argv   '$0': 'node_modules/lerna/cli.js',
0 silly argv   script: 'precommit'
0 silly argv }
1 notice cli v3.22.1
2 verbose rootPath /home/m0ksem/projects/vuestic-ui
3 info versioning independent
4 error Error: Unsupported URL Type "workspace:": workspace:*
4 error     at unsupportedURLType (/home/m0ksem/projects/vuestic-ui/node_modules/.pnpm/npm-package-arg@6.1.1/node_modules/npm-package-arg/npa.js:200:15)
4 error     at fromURL (/home/m0ksem/projects/vuestic-ui/node_modules/.pnpm/npm-package-arg@6.1.1/node_modules/npm-package-arg/npa.js:258:13)
4 error     at Function.resolve (/home/m0ksem/projects/vuestic-ui/node_modules/.pnpm/npm-package-arg@6.1.1/node_modules/npm-package-arg/npa.js:77:12)
4 error     at /home/m0ksem/projects/vuestic-ui/node_modules/.pnpm/@lerna+package-graph@3.18.5/node_modules/@lerna/package-graph/index.js:61:30
4 error     at Array.forEach (<anonymous>)
4 error     at /home/m0ksem/projects/vuestic-ui/node_modules/.pnpm/@lerna+package-graph@3.18.5/node_modules/@lerna/package-graph/index.js:55:38
4 error     at Map.forEach (<anonymous>)
4 error     at new PackageGraph (/home/m0ksem/projects/vuestic-ui/node_modules/.pnpm/@lerna+package-graph@3.18.5/node_modules/@lerna/package-graph/index.js:44:10)
